07:47:49,803 DEBUG devpinoyLogger:52 - browser is lanched
07:48:05,779 DEBUG devpinoyLogger:57 - application url is opened:http://linkedin.com
07:48:06,763 DEBUG devpinoyLogger:25 - initilize the objects in BeforeClass annotation
07:48:07,148 DEBUG devpinoyLogger:52 - Started Executing loginTest()....
07:48:07,435 DEBUG devpinoyLogger:41 - verifying the linkedin landing page title-->LinkedIn: Log In or Sign Up
07:48:14,721 DEBUG devpinoyLogger:48 - verified the linkedin logo
07:48:14,831 DEBUG devpinoyLogger:54 - clicking on signin link
07:48:44,599 DEBUG devpinoyLogger:56 - clicked on signin link in landing page
07:48:57,272 DEBUG devpinoyLogger:67 - typed the username value in email_editbox-->rameshqaonline@gmail.com
07:48:57,914 DEBUG devpinoyLogger:70 - Typed the password value in password editbox-->welcome123$
07:49:39,021 DEBUG devpinoyLogger:56 - number of rows in the excel sheet is-->7
07:49:39,022 DEBUG devpinoyLogger:58 - number of columns in the excel sheet is -->1
07:49:39,732 DEBUG devpinoyLogger:50 - type the people search Ramesh in search editbox
07:49:39,964 DEBUG devpinoyLogger:53 - click on searc htorch icon
07:49:45,536 DEBUG devpinoyLogger:21 - waiting for the search results page title -- Search | LinkedIn
07:49:46,575 DEBUG devpinoyLogger:29 - wait for the search results text
07:49:46,577 DEBUG devpinoyLogger:31 - getting the results text from webpage
07:49:46,860 DEBUG devpinoyLogger:37 - results count in string format is-->241,847
07:49:46,860 DEBUG devpinoyLogger:36 - search results count for: Ramesh is -->241847
07:49:48,947 DEBUG devpinoyLogger:50 - type the people search Rohini in search editbox
07:49:49,265 DEBUG devpinoyLogger:53 - click on searc htorch icon
07:49:56,140 DEBUG devpinoyLogger:21 - waiting for the search results page title -- Search | LinkedIn
07:49:56,157 DEBUG devpinoyLogger:29 - wait for the search results text
07:49:56,157 DEBUG devpinoyLogger:31 - getting the results text from webpage
07:49:56,195 DEBUG devpinoyLogger:37 - results count in string format is-->41,694
07:49:56,196 DEBUG devpinoyLogger:36 - search results count for: Rohini is -->41694
07:49:56,710 DEBUG devpinoyLogger:50 - type the people search Prakash in search editbox
07:49:58,544 DEBUG devpinoyLogger:53 - click on searc htorch icon
07:50:04,452 DEBUG devpinoyLogger:21 - waiting for the search results page title -- Search | LinkedIn
07:50:04,470 DEBUG devpinoyLogger:29 - wait for the search results text
07:50:04,470 DEBUG devpinoyLogger:31 - getting the results text from webpage
07:50:04,548 DEBUG devpinoyLogger:37 - results count in string format is-->327,811
07:50:04,549 DEBUG devpinoyLogger:36 - search results count for: Prakash is -->327811
07:50:06,753 DEBUG devpinoyLogger:50 - type the people search Meenakshi in search editbox
07:50:07,576 DEBUG devpinoyLogger:53 - click on searc htorch icon
07:50:12,845 DEBUG devpinoyLogger:21 - waiting for the search results page title -- Search | LinkedIn
07:50:12,888 DEBUG devpinoyLogger:29 - wait for the search results text
07:50:12,889 DEBUG devpinoyLogger:31 - getting the results text from webpage
07:50:12,942 DEBUG devpinoyLogger:37 - results count in string format is-->61,886
07:50:12,942 DEBUG devpinoyLogger:36 - search results count for: Meenakshi is -->61886
07:50:14,988 DEBUG devpinoyLogger:50 - type the people search Divya in search editbox
07:50:15,408 DEBUG devpinoyLogger:53 - click on searc htorch icon
07:50:20,946 DEBUG devpinoyLogger:21 - waiting for the search results page title -- Search | LinkedIn
07:50:20,970 DEBUG devpinoyLogger:29 - wait for the search results text
07:50:20,970 DEBUG devpinoyLogger:31 - getting the results text from webpage
07:50:21,024 DEBUG devpinoyLogger:37 - results count in string format is-->134,698
07:50:21,025 DEBUG devpinoyLogger:36 - search results count for: Divya is -->134698
07:50:22,615 DEBUG devpinoyLogger:50 - type the people search Vasavi in search editbox
07:50:23,195 DEBUG devpinoyLogger:53 - click on searc htorch icon
07:50:28,540 DEBUG devpinoyLogger:21 - waiting for the search results page title -- Search | LinkedIn
07:50:28,577 DEBUG devpinoyLogger:29 - wait for the search results text
07:50:28,578 DEBUG devpinoyLogger:31 - getting the results text from webpage
07:50:28,661 DEBUG devpinoyLogger:37 - results count in string format is-->30,851
07:50:28,661 DEBUG devpinoyLogger:36 - search results count for: Vasavi is -->30851
07:50:30,691 DEBUG devpinoyLogger:50 - type the people search Lavanya in search editbox
07:50:32,836 DEBUG devpinoyLogger:53 - click on searc htorch icon
07:50:38,167 DEBUG devpinoyLogger:21 - waiting for the search results page title -- Search | LinkedIn
07:50:38,179 DEBUG devpinoyLogger:29 - wait for the search results text
07:50:38,179 DEBUG devpinoyLogger:31 - getting the results text from webpage
07:50:38,212 DEBUG devpinoyLogger:37 - results count in string format is-->32,318
07:50:38,212 DEBUG devpinoyLogger:36 - search results count for: Lavanya is -->32318
07:50:38,595 DEBUG devpinoyLogger:41 - click on profile image icon
07:50:42,236 DEBUG devpinoyLogger:43 - waiting for the element signout link in the menu
07:50:42,366 DEBUG devpinoyLogger:45 - clicking on signout link
07:50:57,810 DEBUG cache:45 - Couldn't find template in cache for "v3html/v3-html-index.ftl"("en", UTF-8, parsed); will try to load it.
07:50:57,812 DEBUG cache:45 - TemplateLoader.findTemplateSource("v3html/v3-html-index_en.ftl"): Not found
07:50:57,816 DEBUG cache:45 - TemplateLoader.findTemplateSource("v3html/v3-html-index.ftl"): Found
07:50:57,817 DEBUG cache:45 - Loading template for "v3html/v3-html-index.ftl"("en", UTF-8, parsed) from "jar:file:/C:/Users/LENOVO/.m2/repository/com/aventstack/extentreports/4.0.9/extentreports-4.0.9.jar!/com/aventstack/extentreports/view/v3html/v3-html-index.ftl"
07:51:00,946 DEBUG cache:45 - Couldn't find template in cache for "v3html/v3-html-head.ftl"("en", UTF-8, parsed); will try to load it.
07:51:00,946 DEBUG cache:45 - TemplateLoader.findTemplateSource("v3html/v3-html-head_en.ftl"): Not found
07:51:00,949 DEBUG cache:45 - TemplateLoader.findTemplateSource("v3html/v3-html-head.ftl"): Found
07:51:00,951 DEBUG cache:45 - Loading template for "v3html/v3-html-head.ftl"("en", UTF-8, parsed) from "jar:file:/C:/Users/LENOVO/.m2/repository/com/aventstack/extentreports/4.0.9/extentreports-4.0.9.jar!/com/aventstack/extentreports/view/v3html/v3-html-head.ftl"
07:51:00,955 DEBUG cache:45 - Couldn't find template in cache for "v3html/v3-html-nav.ftl"("en", UTF-8, parsed); will try to load it.
07:51:00,956 DEBUG cache:45 - TemplateLoader.findTemplateSource("v3html/v3-html-nav_en.ftl"): Not found
07:51:00,957 DEBUG cache:45 - TemplateLoader.findTemplateSource("v3html/v3-html-nav.ftl"): Found
07:51:00,957 DEBUG cache:45 - Loading template for "v3html/v3-html-nav.ftl"("en", UTF-8, parsed) from "jar:file:/C:/Users/LENOVO/.m2/repository/com/aventstack/extentreports/4.0.9/extentreports-4.0.9.jar!/com/aventstack/extentreports/view/v3html/v3-html-nav.ftl"
07:51:01,071 DEBUG cache:45 - Couldn't find template in cache for "v3html/test-view/v3-html-test-view.ftl"("en", UTF-8, parsed); will try to load it.
07:51:01,073 DEBUG cache:45 - TemplateLoader.findTemplateSource("v3html/test-view/v3-html-test-view_en.ftl"): Not found
07:51:01,075 DEBUG cache:45 - TemplateLoader.findTemplateSource("v3html/test-view/v3-html-test-view.ftl"): Found
07:51:01,075 DEBUG cache:45 - Loading template for "v3html/test-view/v3-html-test-view.ftl"("en", UTF-8, parsed) from "jar:file:/C:/Users/LENOVO/.m2/repository/com/aventstack/extentreports/4.0.9/extentreports-4.0.9.jar!/com/aventstack/extentreports/view/v3html/test-view/v3-html-test-view.ftl"
07:51:01,138 DEBUG cache:45 - Couldn't find template in cache for "v3html/test-view/v3-html-test-view-charts.ftl"("en", UTF-8, parsed); will try to load it.
07:51:01,139 DEBUG cache:45 - TemplateLoader.findTemplateSource("v3html/test-view/v3-html-test-view-charts_en.ftl"): Not found
07:51:01,140 DEBUG cache:45 - TemplateLoader.findTemplateSource("v3html/test-view/v3-html-test-view-charts.ftl"): Found
07:51:01,140 DEBUG cache:45 - Loading template for "v3html/test-view/v3-html-test-view-charts.ftl"("en", UTF-8, parsed) from "jar:file:/C:/Users/LENOVO/.m2/repository/com/aventstack/extentreports/4.0.9/extentreports-4.0.9.jar!/com/aventstack/extentreports/view/v3html/test-view/v3-html-test-view-charts.ftl"
07:51:01,205 DEBUG cache:45 - Couldn't find template in cache for "v3html/test-view/v3-html-standard.ftl"("en", UTF-8, parsed); will try to load it.
07:51:01,206 DEBUG cache:45 - TemplateLoader.findTemplateSource("v3html/test-view/v3-html-standard_en.ftl"): Not found
07:51:01,207 DEBUG cache:45 - TemplateLoader.findTemplateSource("v3html/test-view/v3-html-standard.ftl"): Found
07:51:01,207 DEBUG cache:45 - Loading template for "v3html/test-view/v3-html-standard.ftl"("en", UTF-8, parsed) from "jar:file:/C:/Users/LENOVO/.m2/repository/com/aventstack/extentreports/4.0.9/extentreports-4.0.9.jar!/com/aventstack/extentreports/view/v3html/test-view/v3-html-standard.ftl"
07:51:01,237 DEBUG cache:45 - "v3html/test-view/v3-html-standard.ftl"("en", UTF-8, parsed) cached copy not yet stale; using cached.
07:51:01,239 DEBUG cache:45 - "v3html/test-view/v3-html-standard.ftl"("en", UTF-8, parsed) cached copy not yet stale; using cached.
07:51:01,256 DEBUG cache:45 - "v3html/test-view/v3-html-standard.ftl"("en", UTF-8, parsed) cached copy not yet stale; using cached.
07:51:01,270 DEBUG cache:45 - "v3html/test-view/v3-html-standard.ftl"("en", UTF-8, parsed) cached copy not yet stale; using cached.
07:51:01,285 DEBUG cache:45 - "v3html/test-view/v3-html-standard.ftl"("en", UTF-8, parsed) cached copy not yet stale; using cached.
07:51:01,288 DEBUG cache:45 - "v3html/test-view/v3-html-standard.ftl"("en", UTF-8, parsed) cached copy not yet stale; using cached.
07:51:01,290 DEBUG cache:45 - "v3html/test-view/v3-html-standard.ftl"("en", UTF-8, parsed) cached copy not yet stale; using cached.
07:51:01,297 DEBUG cache:45 - Couldn't find template in cache for "v3html/category-view/v3-html-category-view.ftl"("en", UTF-8, parsed); will try to load it.
07:51:01,305 DEBUG cache:45 - TemplateLoader.findTemplateSource("v3html/category-view/v3-html-category-view_en.ftl"): Not found
07:51:01,307 DEBUG cache:45 - TemplateLoader.findTemplateSource("v3html/category-view/v3-html-category-view.ftl"): Found
07:51:01,309 DEBUG cache:45 - Loading template for "v3html/category-view/v3-html-category-view.ftl"("en", UTF-8, parsed) from "jar:file:/C:/Users/LENOVO/.m2/repository/com/aventstack/extentreports/4.0.9/extentreports-4.0.9.jar!/com/aventstack/extentreports/view/v3html/category-view/v3-html-category-view.ftl"
07:51:01,359 DEBUG cache:45 - Couldn't find template in cache for "v3html/exception-view/v3-html-exception-view.ftl"("en", UTF-8, parsed); will try to load it.
07:51:01,359 DEBUG cache:45 - TemplateLoader.findTemplateSource("v3html/exception-view/v3-html-exception-view_en.ftl"): Not found
07:51:01,360 DEBUG cache:45 - TemplateLoader.findTemplateSource("v3html/exception-view/v3-html-exception-view.ftl"): Found
07:51:01,362 DEBUG cache:45 - Loading template for "v3html/exception-view/v3-html-exception-view.ftl"("en", UTF-8, parsed) from "jar:file:/C:/Users/LENOVO/.m2/repository/com/aventstack/extentreports/4.0.9/extentreports-4.0.9.jar!/com/aventstack/extentreports/view/v3html/exception-view/v3-html-exception-view.ftl"
07:51:01,370 DEBUG cache:45 - Couldn't find template in cache for "v3html/author-view/v3-html-author-view.ftl"("en", UTF-8, parsed); will try to load it.
07:51:01,370 DEBUG cache:45 - TemplateLoader.findTemplateSource("v3html/author-view/v3-html-author-view_en.ftl"): Not found
07:51:01,373 DEBUG cache:45 - TemplateLoader.findTemplateSource("v3html/author-view/v3-html-author-view.ftl"): Found
07:51:01,374 DEBUG cache:45 - Loading template for "v3html/author-view/v3-html-author-view.ftl"("en", UTF-8, parsed) from "jar:file:/C:/Users/LENOVO/.m2/repository/com/aventstack/extentreports/4.0.9/extentreports-4.0.9.jar!/com/aventstack/extentreports/view/v3html/author-view/v3-html-author-view.ftl"
07:51:01,388 DEBUG cache:45 - Couldn't find template in cache for "v3html/dashboard-view/v3-html-dashboard-view.ftl"("en", UTF-8, parsed); will try to load it.
07:51:01,389 DEBUG cache:45 - TemplateLoader.findTemplateSource("v3html/dashboard-view/v3-html-dashboard-view_en.ftl"): Not found
07:51:01,390 DEBUG cache:45 - TemplateLoader.findTemplateSource("v3html/dashboard-view/v3-html-dashboard-view.ftl"): Found
07:51:01,390 DEBUG cache:45 - Loading template for "v3html/dashboard-view/v3-html-dashboard-view.ftl"("en", UTF-8, parsed) from "jar:file:/C:/Users/LENOVO/.m2/repository/com/aventstack/extentreports/4.0.9/extentreports-4.0.9.jar!/com/aventstack/extentreports/view/v3html/dashboard-view/v3-html-dashboard-view.ftl"
07:51:01,407 DEBUG cache:45 - Couldn't find template in cache for "v3html/logs-view/v3-html-testrunner-logs-view.ftl"("en", UTF-8, parsed); will try to load it.
07:51:01,408 DEBUG cache:45 - TemplateLoader.findTemplateSource("v3html/logs-view/v3-html-testrunner-logs-view_en.ftl"): Not found
07:51:01,409 DEBUG cache:45 - TemplateLoader.findTemplateSource("v3html/logs-view/v3-html-testrunner-logs-view.ftl"): Found
07:51:01,409 DEBUG cache:45 - Loading template for "v3html/logs-view/v3-html-testrunner-logs-view.ftl"("en", UTF-8, parsed) from "jar:file:/C:/Users/LENOVO/.m2/repository/com/aventstack/extentreports/4.0.9/extentreports-4.0.9.jar!/com/aventstack/extentreports/view/v3html/logs-view/v3-html-testrunner-logs-view.ftl"
07:51:09,860 DEBUG devpinoyLogger:70 - browser is closed
